This file contains any messages produced by compilers while
running configure, to aid debugging if configure makes a mistake.

It was created by configure, which was
generated by GNU Autoconf 2.59.  Invocation command line was

  $ ./configure --host=x86_64-linux-gnu --build=x86_64-linux-gnu --prefix=/usr --mandir=${prefix}/share/man --infodir=${prefix}/share/info

## --------- ##
## Platform. ##
## --------- ##

hostname = qmail
uname -m = x86_64
uname -r = 6.1.0-21-amd64
uname -s = Linux
uname -v = #1 SMP PREEMPT_DYNAMIC Debian 6.1.90-1 (2024-05-03)

/usr/bin/uname -p = unknown
/bin/uname -X     = unknown

/bin/arch              = x86_64
/usr/bin/arch -k       = unknown
/usr/convex/getsysinfo = unknown
hostinfo               = unknown
/bin/machine           = unknown
/usr/bin/oslevel       = unknown
/bin/universe          = unknown

PATH: /home/fade/system_scripts
PATH: /home/fade/bin
PATH: /usr/local/bin
PATH: /usr/local/sbin
PATH: /usr/bin
PATH: /usr/sbin
PATH: /bin
PATH: /sbin
PATH: /usr/local/racket/bin
PATH: /usr/local/bin
PATH: /usr/bin
PATH: /bin
PATH: /usr/games


## ----------- ##
## Core tests. ##
## ----------- ##

configure:1534: checking for a BSD-compatible install
configure:1589: result: /usr/bin/install -c
configure:1600: checking whether build environment is sane
configure:1643: result: yes
configure:1658: checking whether make sets $(MAKE)
configure:1678: result: yes
configure:1710: checking for working aclocal-1.4
configure:1721: result: missing
configure:1725: checking for working autoconf
configure:1732: result: found
configure:1740: checking for working automake-1.4
configure:1751: result: missing
configure:1755: checking for working autoheader
configure:1762: result: found
configure:1770: checking for working makeinfo
configure:1777: result: found
configure:1795: checking for x86_64-linux-gnu-gcc
configure:1811: found /usr/bin/x86_64-linux-gnu-gcc
configure:1821: result: x86_64-linux-gnu-gcc
configure:2103: checking for C compiler version
configure:2106: x86_64-linux-gnu-gcc --version </dev/null >&5
x86_64-linux-gnu-gcc (Debian 12.2.0-14) 12.2.0
Copyright (C) 2022 Free Software Foundation, Inc.
This is free software; see the source for copying conditions.  There is NO
warranty; not even for MERCHANTABILITY or FITNESS FOR A PARTICULAR PURPOSE.

configure:2109: $? = 0
configure:2111: x86_64-linux-gnu-gcc -v </dev/null >&5
Using built-in specs.
COLLECT_GCC=x86_64-linux-gnu-gcc
COLLECT_LTO_WRAPPER=/usr/lib/gcc/x86_64-linux-gnu/12/lto-wrapper
OFFLOAD_TARGET_NAMES=nvptx-none:amdgcn-amdhsa
OFFLOAD_TARGET_DEFAULT=1
Target: x86_64-linux-gnu
Configured with: ../src/configure -v --with-pkgversion='Debian 12.2.0-14' --with-bugurl=file:///usr/share/doc/gcc-12/README.Bugs --enable-languages=c,ada,c++,go,d,fortran,objc,obj-c++,m2 --prefix=/usr --with-gcc-major-version-only --program-suffix=-12 --program-prefix=x86_64-linux-gnu- --enable-shared --enable-linker-build-id --libexecdir=/usr/lib --without-included-gettext --enable-threads=posix --libdir=/usr/lib --enable-nls --enable-clocale=gnu --enable-libstdcxx-debug --enable-libstdcxx-time=yes --with-default-libstdcxx-abi=new --enable-gnu-unique-object --disable-vtable-verify --enable-plugin --enable-default-pie --with-system-zlib --enable-libphobos-checking=release --with-target-system-zlib=auto --enable-objc-gc=auto --enable-multiarch --disable-werror --enable-cet --with-arch-32=i686 --with-abi=m64 --with-multilib-list=m32,m64,mx32 --enable-multilib --with-tune=generic --enable-offload-targets=nvptx-none=/build/gcc-12-bTRWOB/gcc-12-12.2.0/debian/tmp-nvptx/usr,amdgcn-amdhsa=/build/gcc-12-bTRWOB/gcc-12-12.2.0/debian/tmp-gcn/usr --enable-offload-defaulted --without-cuda-driver --enable-checking=release --build=x86_64-linux-gnu --host=x86_64-linux-gnu --target=x86_64-linux-gnu
Thread model: posix
Supported LTO compression algorithms: zlib zstd
gcc version 12.2.0 (Debian 12.2.0-14) 
configure:2114: $? = 0
configure:2116: x86_64-linux-gnu-gcc -V </dev/null >&5
x86_64-linux-gnu-gcc: error: unrecognized command-line option '-V'
x86_64-linux-gnu-gcc: fatal error: no input files
compilation terminated.
configure:2119: $? = 1
configure:2142: checking for C compiler default output file name
configure:2145: x86_64-linux-gnu-gcc    conftest.c  >&5
configure:2148: $? = 0
configure:2194: result: a.out
configure:2199: checking whether the C compiler works
configure:2205: ./a.out
configure:2208: $? = 0
configure:2225: result: yes
configure:2232: checking whether we are cross compiling
configure:2234: result: no
configure:2237: checking for suffix of executables
configure:2239: x86_64-linux-gnu-gcc -o conftest    conftest.c  >&5
configure:2242: $? = 0
configure:2267: result: 
configure:2273: checking for suffix of object files
configure:2294: x86_64-linux-gnu-gcc -c   conftest.c >&5
configure:2297: $? = 0
configure:2319: result: o
configure:2323: checking whether we are using the GNU C compiler
configure:2347: x86_64-linux-gnu-gcc -c   conftest.c >&5
configure:2353: $? = 0
configure:2357: test -z 
			 || test ! -s conftest.err
configure:2360: $? = 0
configure:2363: test -s conftest.o
configure:2366: $? = 0
configure:2379: result: yes
configure:2385: checking whether x86_64-linux-gnu-gcc accepts -g
configure:2406: x86_64-linux-gnu-gcc -c -g  conftest.c >&5
configure:2412: $? = 0
configure:2416: test -z 
			 || test ! -s conftest.err
configure:2419: $? = 0
configure:2422: test -s conftest.o
configure:2425: $? = 0
configure:2436: result: yes
configure:2453: checking for x86_64-linux-gnu-gcc option to accept ANSI C
configure:2523: x86_64-linux-gnu-gcc  -c -g -O2  conftest.c >&5
configure:2529: $? = 0
configure:2533: test -z 
			 || test ! -s conftest.err
configure:2536: $? = 0
configure:2539: test -s conftest.o
configure:2542: $? = 0
configure:2560: result: none needed
configure:2578: x86_64-linux-gnu-gcc -c -g -O2  conftest.c >&5
conftest.c:2:3: error: unknown type name 'choke'
    2 |   choke me
      |   ^~~~~
conftest.c:2:3: error: expected '=', ',', ';', 'asm' or '__attribute__' at end of input
configure:2584: $? = 1
configure: failed program was:
| #ifndef __cplusplus
|   choke me
| #endif
configure:2723: checking how to run the C preprocessor
configure:2758: x86_64-linux-gnu-gcc -E  conftest.c
configure:2764: $? = 0
configure:2796: x86_64-linux-gnu-gcc -E  conftest.c
conftest.c:11:10: fatal error: ac_nonexistent.h: No such file or directory
   11 | #include <ac_nonexistent.h>
      |          ^~~~~~~~~~~~~~~~~~
compilation terminated.
configure:2802: $? = 1
configure: failed program was:
| /* confdefs.h.  */
| 
| #define PACKAGE_NAME ""
| #define PACKAGE_TARNAME ""
| #define PACKAGE_VERSION ""
| #define PACKAGE_STRING ""
| #define PACKAGE_BUGREPORT ""
| #define PACKAGE "libsrs2"
| #define VERSION "1.0.18"
| /* end confdefs.h.  */
| #include <ac_nonexistent.h>
configure:2841: result: x86_64-linux-gnu-gcc -E
configure:2865: x86_64-linux-gnu-gcc -E  conftest.c
configure:2871: $? = 0
configure:2903: x86_64-linux-gnu-gcc -E  conftest.c
conftest.c:11:10: fatal error: ac_nonexistent.h: No such file or directory
   11 | #include <ac_nonexistent.h>
      |          ^~~~~~~~~~~~~~~~~~
compilation terminated.
configure:2909: $? = 1
configure: failed program was:
| /* confdefs.h.  */
| 
| #define PACKAGE_NAME ""
| #define PACKAGE_TARNAME ""
| #define PACKAGE_VERSION ""
| #define PACKAGE_STRING ""
| #define PACKAGE_BUGREPORT ""
| #define PACKAGE "libsrs2"
| #define VERSION "1.0.18"
| /* end confdefs.h.  */
| #include <ac_nonexistent.h>
configure:2953: checking for egrep
configure:2963: result: grep -E
configure:2969: checking for AIX
configure:2991: result: no
configure:2997: checking for ANSI C header files
configure:3022: x86_64-linux-gnu-gcc -c -g -O2  conftest.c >&5
configure:3028: $? = 0
configure:3032: test -z 
			 || test ! -s conftest.err
configure:3035: $? = 0
configure:3038: test -s conftest.o
configure:3041: $? = 0
configure:3130: x86_64-linux-gnu-gcc -o conftest -g -O2   conftest.c  >&5
conftest.c: In function 'main':
conftest.c:28:7: warning: implicit declaration of function 'exit' [-Wimplicit-function-declaration]
   28 |       exit(2);
      |       ^~~~
conftest.c:12:1: note: include '<stdlib.h>' or provide a declaration of 'exit'
   11 | #include <ctype.h>
  +++ |+#include <stdlib.h>
   12 | #if ((' ' & 0x0FF) == 0x020)
conftest.c:28:7: warning: incompatible implicit declaration of built-in function 'exit' [-Wbuiltin-declaration-mismatch]
   28 |       exit(2);
      |       ^~~~
conftest.c:28:7: note: include '<stdlib.h>' or provide a declaration of 'exit'
conftest.c:29:3: warning: incompatible implicit declaration of built-in function 'exit' [-Wbuiltin-declaration-mismatch]
   29 |   exit (0);
      |   ^~~~
conftest.c:29:3: note: include '<stdlib.h>' or provide a declaration of 'exit'
configure:3133: $? = 0
configure:3135: ./conftest
configure:3138: $? = 0
configure:3153: result: yes
configure:3177: checking for sys/types.h
configure:3193: x86_64-linux-gnu-gcc -c -g -O2  conftest.c >&5
configure:3199: $? = 0
configure:3203: test -z 
			 || test ! -s conftest.err
configure:3206: $? = 0
configure:3209: test -s conftest.o
configure:3212: $? = 0
configure:3223: result: yes
configure:3177: checking for sys/stat.h
configure:3193: x86_64-linux-gnu-gcc -c -g -O2  conftest.c >&5
configure:3199: $? = 0
configure:3203: test -z 
			 || test ! -s conftest.err
configure:3206: $? = 0
configure:3209: test -s conftest.o
configure:3212: $? = 0
configure:3223: result: yes
configure:3177: checking for stdlib.h
configure:3193: x86_64-linux-gnu-gcc -c -g -O2  conftest.c >&5
configure:3199: $? = 0
configure:3203: test -z 
			 || test ! -s conftest.err
configure:3206: $? = 0
configure:3209: test -s conftest.o
configure:3212: $? = 0
configure:3223: result: yes
configure:3177: checking for string.h
configure:3193: x86_64-linux-gnu-gcc -c -g -O2  conftest.c >&5
configure:3199: $? = 0
configure:3203: test -z 
			 || test ! -s conftest.err
configure:3206: $? = 0
configure:3209: test -s conftest.o
configure:3212: $? = 0
configure:3223: result: yes
configure:3177: checking for memory.h
configure:3193: x86_64-linux-gnu-gcc -c -g -O2  conftest.c >&5
configure:3199: $? = 0
configure:3203: test -z 
			 || test ! -s conftest.err
configure:3206: $? = 0
configure:3209: test -s conftest.o
configure:3212: $? = 0
configure:3223: result: yes
configure:3177: checking for strings.h
configure:3193: x86_64-linux-gnu-gcc -c -g -O2  conftest.c >&5
configure:3199: $? = 0
configure:3203: test -z 
			 || test ! -s conftest.err
configure:3206: $? = 0
configure:3209: test -s conftest.o
configure:3212: $? = 0
configure:3223: result: yes
configure:3177: checking for inttypes.h
configure:3193: x86_64-linux-gnu-gcc -c -g -O2  conftest.c >&5
configure:3199: $? = 0
configure:3203: test -z 
			 || test ! -s conftest.err
configure:3206: $? = 0
configure:3209: test -s conftest.o
configure:3212: $? = 0
configure:3223: result: yes
configure:3177: checking for stdint.h
configure:3193: x86_64-linux-gnu-gcc -c -g -O2  conftest.c >&5
configure:3199: $? = 0
configure:3203: test -z 
			 || test ! -s conftest.err
configure:3206: $? = 0
configure:3209: test -s conftest.o
configure:3212: $? = 0
configure:3223: result: yes
configure:3177: checking for unistd.h
configure:3193: x86_64-linux-gnu-gcc -c -g -O2  conftest.c >&5
configure:3199: $? = 0
configure:3203: test -z 
			 || test ! -s conftest.err
configure:3206: $? = 0
configure:3209: test -s conftest.o
configure:3212: $? = 0
configure:3223: result: yes
configure:3245: checking minix/config.h usability
configure:3257: x86_64-linux-gnu-gcc -c -g -O2  conftest.c >&5
conftest.c:55:10: fatal error: minix/config.h: No such file or directory
   55 | #include <minix/config.h>
      |          ^~~~~~~~~~~~~~~~
compilation terminated.
configure:3263: $? = 1
configure: failed program was:
| /* confdefs.h.  */
| 
| #define PACKAGE_NAME ""
| #define PACKAGE_TARNAME ""
| #define PACKAGE_VERSION ""
| #define PACKAGE_STRING ""
| #define PACKAGE_BUGREPORT ""
| #define PACKAGE "libsrs2"
| #define VERSION "1.0.18"
| #define STDC_HEADERS 1
| #define HAVE_SYS_TYPES_H 1
| #define HAVE_SYS_STAT_H 1
| #define HAVE_STDLIB_H 1
| #define HAVE_STRING_H 1
| #define HAVE_MEMORY_H 1
| #define HAVE_STRINGS_H 1
| #define HAVE_INTTYPES_H 1
| #define HAVE_STDINT_H 1
| #define HAVE_UNISTD_H 1
| /* end confdefs.h.  */
| #include <stdio.h>
| #if HAVE_SYS_TYPES_H
| # include <sys/types.h>
| #endif
| #if HAVE_SYS_STAT_H
| # include <sys/stat.h>
| #endif
| #if STDC_HEADERS
| # include <stdlib.h>
| # include <stddef.h>
| #else
| # if HAVE_STDLIB_H
| #  include <stdlib.h>
| # endif
| #endif
| #if HAVE_STRING_H
| # if !STDC_HEADERS && HAVE_MEMORY_H
| #  include <memory.h>
| # endif
| # include <string.h>
| #endif
| #if HAVE_STRINGS_H
| # include <strings.h>
| #endif
| #if HAVE_INTTYPES_H
| # include <inttypes.h>
| #else
| # if HAVE_STDINT_H
| #  include <stdint.h>
| # endif
| #endif
| #if HAVE_UNISTD_H
| # include <unistd.h>
| #endif
| #include <minix/config.h>
configure:3286: result: no
configure:3290: checking minix/config.h presence
configure:3300: x86_64-linux-gnu-gcc -E  conftest.c
conftest.c:21:10: fatal error: minix/config.h: No such file or directory
   21 | #include <minix/config.h>
      |          ^~~~~~~~~~~~~~~~
compilation terminated.
configure:3306: $? = 1
configure: failed program was:
| /* confdefs.h.  */
| 
| #define PACKAGE_NAME ""
| #define PACKAGE_TARNAME ""
| #define PACKAGE_VERSION ""
| #define PACKAGE_STRING ""
| #define PACKAGE_BUGREPORT ""
| #define PACKAGE "libsrs2"
| #define VERSION "1.0.18"
| #define STDC_HEADERS 1
| #define HAVE_SYS_TYPES_H 1
| #define HAVE_SYS_STAT_H 1
| #define HAVE_STDLIB_H 1
| #define HAVE_STRING_H 1
| #define HAVE_MEMORY_H 1
| #define HAVE_STRINGS_H 1
| #define HAVE_INTTYPES_H 1
| #define HAVE_STDINT_H 1
| #define HAVE_UNISTD_H 1
| /* end confdefs.h.  */
| #include <minix/config.h>
configure:3326: result: no
configure:3361: checking for minix/config.h
configure:3368: result: no
configure:3406: checking for x86_64-linux-gnu-gcc
configure:3432: result: x86_64-linux-gnu-gcc
configure:3714: checking for C compiler version
configure:3717: x86_64-linux-gnu-gcc --version </dev/null >&5
x86_64-linux-gnu-gcc (Debian 12.2.0-14) 12.2.0
Copyright (C) 2022 Free Software Foundation, Inc.
This is free software; see the source for copying conditions.  There is NO
warranty; not even for MERCHANTABILITY or FITNESS FOR A PARTICULAR PURPOSE.

configure:3720: $? = 0
configure:3722: x86_64-linux-gnu-gcc -v </dev/null >&5
Using built-in specs.
COLLECT_GCC=x86_64-linux-gnu-gcc
COLLECT_LTO_WRAPPER=/usr/lib/gcc/x86_64-linux-gnu/12/lto-wrapper
OFFLOAD_TARGET_NAMES=nvptx-none:amdgcn-amdhsa
OFFLOAD_TARGET_DEFAULT=1
Target: x86_64-linux-gnu
Configured with: ../src/configure -v --with-pkgversion='Debian 12.2.0-14' --with-bugurl=file:///usr/share/doc/gcc-12/README.Bugs --enable-languages=c,ada,c++,go,d,fortran,objc,obj-c++,m2 --prefix=/usr --with-gcc-major-version-only --program-suffix=-12 --program-prefix=x86_64-linux-gnu- --enable-shared --enable-linker-build-id --libexecdir=/usr/lib --without-included-gettext --enable-threads=posix --libdir=/usr/lib --enable-nls --enable-clocale=gnu --enable-libstdcxx-debug --enable-libstdcxx-time=yes --with-default-libstdcxx-abi=new --enable-gnu-unique-object --disable-vtable-verify --enable-plugin --enable-default-pie --with-system-zlib --enable-libphobos-checking=release --with-target-system-zlib=auto --enable-objc-gc=auto --enable-multiarch --disable-werror --enable-cet --with-arch-32=i686 --with-abi=m64 --with-multilib-list=m32,m64,mx32 --enable-multilib --with-tune=generic --enable-offload-targets=nvptx-none=/build/gcc-12-bTRWOB/gcc-12-12.2.0/debian/tmp-nvptx/usr,amdgcn-amdhsa=/build/gcc-12-bTRWOB/gcc-12-12.2.0/debian/tmp-gcn/usr --enable-offload-defaulted --without-cuda-driver --enable-checking=release --build=x86_64-linux-gnu --host=x86_64-linux-gnu --target=x86_64-linux-gnu
Thread model: posix
Supported LTO compression algorithms: zlib zstd
gcc version 12.2.0 (Debian 12.2.0-14) 
configure:3725: $? = 0
configure:3727: x86_64-linux-gnu-gcc -V </dev/null >&5
x86_64-linux-gnu-gcc: error: unrecognized command-line option '-V'
x86_64-linux-gnu-gcc: fatal error: no input files
compilation terminated.
configure:3730: $? = 1
configure:3733: checking whether we are using the GNU C compiler
configure:3789: result: yes
configure:3795: checking whether x86_64-linux-gnu-gcc accepts -g
configure:3846: result: yes
configure:3863: checking for x86_64-linux-gnu-gcc option to accept ANSI C
configure:3970: result: none needed
configure:3988: x86_64-linux-gnu-gcc -c -g -O2  conftest.c >&5
conftest.c:2:3: error: unknown type name 'choke'
    2 |   choke me
      |   ^~~~~
conftest.c:2:3: error: expected '=', ',', ';', 'asm' or '__attribute__' at end of input
configure:3994: $? = 1
configure: failed program was:
| #ifndef __cplusplus
|   choke me
| #endif
configure:4140: checking for a BSD-compatible install
configure:4195: result: /usr/bin/install -c
configure:4206: checking whether make sets $(MAKE)
configure:4226: result: yes
configure:4238: checking for x86_64-linux-gnu-ranlib
configure:4254: found /usr/bin/x86_64-linux-gnu-ranlib
configure:4264: result: x86_64-linux-gnu-ranlib
configure:4393: checking build system type
configure:4411: result: x86_64-pc-linux-gnu
configure:4419: checking host system type
configure:4433: result: x86_64-pc-linux-gnu
configure:4441: checking for a sed that does not truncate output
configure:4495: result: /usr/bin/sed
configure:4509: checking for ld used by x86_64-linux-gnu-gcc
configure:4576: result: /usr/bin/ld
configure:4585: checking if the linker (/usr/bin/ld) is GNU ld
configure:4600: result: yes
configure:4605: checking for /usr/bin/ld option to reload object files
configure:4612: result: -r
configure:4621: checking for BSD-compatible nm
configure:4663: result: /usr/bin/x86_64-linux-gnu-nm -B
configure:4667: checking whether ln -s works
configure:4671: result: yes
configure:4678: checking how to recognise dependent libraries
configure:4861: result: pass_all
configure:4945: x86_64-linux-gnu-gcc -c -g -O2  conftest.c >&5
configure:4948: $? = 0
configure:5101: checking dlfcn.h usability
configure:5113: x86_64-linux-gnu-gcc -c -g -O2  conftest.c >&5
configure:5119: $? = 0
configure:5123: test -z 
			 || test ! -s conftest.err
configure:5126: $? = 0
configure:5129: test -s conftest.o
configure:5132: $? = 0
configure:5142: result: yes
configure:5146: checking dlfcn.h presence
configure:5156: x86_64-linux-gnu-gcc -E  conftest.c
configure:5162: $? = 0
configure:5182: result: yes
configure:5217: checking for dlfcn.h
configure:5224: result: yes
configure:5247: checking for x86_64-linux-gnu-g++
configure:5263: found /usr/bin/x86_64-linux-gnu-g++
configure:5273: result: x86_64-linux-gnu-g++
configure:5331: checking for C++ compiler version
configure:5334: x86_64-linux-gnu-g++ --version </dev/null >&5
x86_64-linux-gnu-g++ (Debian 12.2.0-14) 12.2.0
Copyright (C) 2022 Free Software Foundation, Inc.
This is free software; see the source for copying conditions.  There is NO
warranty; not even for MERCHANTABILITY or FITNESS FOR A PARTICULAR PURPOSE.

configure:5337: $? = 0
configure:5339: x86_64-linux-gnu-g++ -v </dev/null >&5
Using built-in specs.
COLLECT_GCC=x86_64-linux-gnu-g++
COLLECT_LTO_WRAPPER=/usr/lib/gcc/x86_64-linux-gnu/12/lto-wrapper
OFFLOAD_TARGET_NAMES=nvptx-none:amdgcn-amdhsa
OFFLOAD_TARGET_DEFAULT=1
Target: x86_64-linux-gnu
Configured with: ../src/configure -v --with-pkgversion='Debian 12.2.0-14' --with-bugurl=file:///usr/share/doc/gcc-12/README.Bugs --enable-languages=c,ada,c++,go,d,fortran,objc,obj-c++,m2 --prefix=/usr --with-gcc-major-version-only --program-suffix=-12 --program-prefix=x86_64-linux-gnu- --enable-shared --enable-linker-build-id --libexecdir=/usr/lib --without-included-gettext --enable-threads=posix --libdir=/usr/lib --enable-nls --enable-clocale=gnu --enable-libstdcxx-debug --enable-libstdcxx-time=yes --with-default-libstdcxx-abi=new --enable-gnu-unique-object --disable-vtable-verify --enable-plugin --enable-default-pie --with-system-zlib --enable-libphobos-checking=release --with-target-system-zlib=auto --enable-objc-gc=auto --enable-multiarch --disable-werror --enable-cet --with-arch-32=i686 --with-abi=m64 --with-multilib-list=m32,m64,mx32 --enable-multilib --with-tune=generic --enable-offload-targets=nvptx-none=/build/gcc-12-bTRWOB/gcc-12-12.2.0/debian/tmp-nvptx/usr,amdgcn-amdhsa=/build/gcc-12-bTRWOB/gcc-12-12.2.0/debian/tmp-gcn/usr --enable-offload-defaulted --without-cuda-driver --enable-checking=release --build=x86_64-linux-gnu --host=x86_64-linux-gnu --target=x86_64-linux-gnu
Thread model: posix
Supported LTO compression algorithms: zlib zstd
gcc version 12.2.0 (Debian 12.2.0-14) 
configure:5342: $? = 0
configure:5344: x86_64-linux-gnu-g++ -V </dev/null >&5
x86_64-linux-gnu-g++: error: unrecognized command-line option '-V'
x86_64-linux-gnu-g++: fatal error: no input files
compilation terminated.
configure:5347: $? = 1
configure:5350: checking whether we are using the GNU C++ compiler
configure:5374: x86_64-linux-gnu-g++ -c   conftest.cc >&5
configure:5380: $? = 0
configure:5384: test -z 
			 || test ! -s conftest.err
configure:5387: $? = 0
configure:5390: test -s conftest.o
configure:5393: $? = 0
configure:5406: result: yes
configure:5412: checking whether x86_64-linux-gnu-g++ accepts -g
configure:5433: x86_64-linux-gnu-g++ -c -g  conftest.cc >&5
configure:5439: $? = 0
configure:5443: test -z 
			 || test ! -s conftest.err
configure:5446: $? = 0
configure:5449: test -s conftest.o
configure:5452: $? = 0
configure:5463: result: yes
configure:5505: x86_64-linux-gnu-g++ -c -g -O2  conftest.cc >&5
configure:5511: $? = 0
configure:5515: test -z 
			 || test ! -s conftest.err
configure:5518: $? = 0
configure:5521: test -s conftest.o
configure:5524: $? = 0
configure:5550: x86_64-linux-gnu-g++ -c -g -O2  conftest.cc >&5
conftest.cc: In function 'int main()':
conftest.cc:26:1: error: 'exit' was not declared in this scope
   26 | exit (42);
      | ^~~~
conftest.cc:1:1: note: 'exit' is defined in header '<cstdlib>'; did you forget to '#include <cstdlib>'?
    1 | /* confdefs.h.  */
configure:5556: $? = 1
configure: failed program was:
| /* confdefs.h.  */
| 
| #define PACKAGE_NAME ""
| #define PACKAGE_TARNAME ""
| #define PACKAGE_VERSION ""
| #define PACKAGE_STRING ""
| #define PACKAGE_BUGREPORT ""
| #define PACKAGE "libsrs2"
| #define VERSION "1.0.18"
| #define STDC_HEADERS 1
| #define HAVE_SYS_TYPES_H 1
| #define HAVE_SYS_STAT_H 1
| #define HAVE_STDLIB_H 1
| #define HAVE_STRING_H 1
| #define HAVE_MEMORY_H 1
| #define HAVE_STRINGS_H 1
| #define HAVE_INTTYPES_H 1
| #define HAVE_STDINT_H 1
| #define HAVE_UNISTD_H 1
| #define HAVE_DLFCN_H 1
| /* end confdefs.h.  */
| 
| int
| main ()
| {
| exit (42);
|   ;
|   return 0;
| }
configure:5505: x86_64-linux-gnu-g++ -c -g -O2  conftest.cc >&5
conftest.cc:22:17: warning: 'void std::exit(int)' has not been declared within 'std'
   22 | extern "C" void std::exit (int) throw (); using std::exit;
      |                 ^~~
<built-in>: note: only here as a 'friend'
configure:5511: $? = 0
configure:5515: test -z 
			 || test ! -s conftest.err
configure:5518: $? = 0
configure:5521: test -s conftest.o
configure:5524: $? = 0
configure:5550: x86_64-linux-gnu-g++ -c -g -O2  conftest.cc >&5
conftest.cc:22:17: warning: 'void std::exit(int)' has not been declared within 'std'
   22 | extern "C" void std::exit (int) throw (); using std::exit;
      |                 ^~~
<built-in>: note: only here as a 'friend'
configure:5556: $? = 0
configure:5560: test -z 
			 || test ! -s conftest.err
configure:5563: $? = 0
configure:5566: test -s conftest.o
configure:5569: $? = 0
configure:5597: checking how to run the C++ preprocessor
configure:5628: x86_64-linux-gnu-g++ -E  conftest.cc
configure:5634: $? = 0
configure:5666: x86_64-linux-gnu-g++ -E  conftest.cc
conftest.cc:25:10: fatal error: ac_nonexistent.h: No such file or directory
   25 | #include <ac_nonexistent.h>
      |          ^~~~~~~~~~~~~~~~~~
compilation terminated.
configure:5672: $? = 1
configure: failed program was:
| /* confdefs.h.  */
| 
| #define PACKAGE_NAME ""
| #define PACKAGE_TARNAME ""
| #define PACKAGE_VERSION ""
| #define PACKAGE_STRING ""
| #define PACKAGE_BUGREPORT ""
| #define PACKAGE "libsrs2"
| #define VERSION "1.0.18"
| #define STDC_HEADERS 1
| #define HAVE_SYS_TYPES_H 1
| #define HAVE_SYS_STAT_H 1
| #define HAVE_STDLIB_H 1
| #define HAVE_STRING_H 1
| #define HAVE_MEMORY_H 1
| #define HAVE_STRINGS_H 1
| #define HAVE_INTTYPES_H 1
| #define HAVE_STDINT_H 1
| #define HAVE_UNISTD_H 1
| #define HAVE_DLFCN_H 1
| #ifdef __cplusplus
| extern "C" void std::exit (int) throw (); using std::exit;
| #endif
| /* end confdefs.h.  */
| #include <ac_nonexistent.h>
configure:5711: result: x86_64-linux-gnu-g++ -E
configure:5735: x86_64-linux-gnu-g++ -E  conftest.cc
configure:5741: $? = 0
configure:5773: x86_64-linux-gnu-g++ -E  conftest.cc
conftest.cc:25:10: fatal error: ac_nonexistent.h: No such file or directory
   25 | #include <ac_nonexistent.h>
      |          ^~~~~~~~~~~~~~~~~~
compilation terminated.
configure:5779: $? = 1
configure: failed program was:
| /* confdefs.h.  */
| 
| #define PACKAGE_NAME ""
| #define PACKAGE_TARNAME ""
| #define PACKAGE_VERSION ""
| #define PACKAGE_STRING ""
| #define PACKAGE_BUGREPORT ""
| #define PACKAGE "libsrs2"
| #define VERSION "1.0.18"
| #define STDC_HEADERS 1
| #define HAVE_SYS_TYPES_H 1
| #define HAVE_SYS_STAT_H 1
| #define HAVE_STDLIB_H 1
| #define HAVE_STRING_H 1
| #define HAVE_MEMORY_H 1
| #define HAVE_STRINGS_H 1
| #define HAVE_INTTYPES_H 1
| #define HAVE_STDINT_H 1
| #define HAVE_UNISTD_H 1
| #define HAVE_DLFCN_H 1
| #ifdef __cplusplus
| extern "C" void std::exit (int) throw (); using std::exit;
| #endif
| /* end confdefs.h.  */
| #include <ac_nonexistent.h>
configure:5832: checking for x86_64-linux-gnu-g77
configure:5861: result: no
configure:5832: checking for x86_64-linux-gnu-f77
configure:5861: result: no
configure:5832: checking for x86_64-linux-gnu-xlf
configure:5861: result: no
configure:5832: checking for x86_64-linux-gnu-frt
configure:5861: result: no
configure:5832: checking for x86_64-linux-gnu-pgf77
configure:5861: result: no
configure:5832: checking for x86_64-linux-gnu-fort77
configure:5861: result: no
configure:5832: checking for x86_64-linux-gnu-fl32
configure:5861: result: no
configure:5832: checking for x86_64-linux-gnu-af77
configure:5861: result: no
configure:5832: checking for x86_64-linux-gnu-f90
configure:5861: result: no
configure:5832: checking for x86_64-linux-gnu-xlf90
configure:5861: result: no
configure:5832: checking for x86_64-linux-gnu-pgf90
configure:5861: result: no
configure:5832: checking for x86_64-linux-gnu-epcf90
configure:5861: result: no
configure:5832: checking for x86_64-linux-gnu-f95
configure:5861: result: no
configure:5832: checking for x86_64-linux-gnu-fort
configure:5861: result: no
configure:5832: checking for x86_64-linux-gnu-xlf95
configure:5861: result: no
configure:5832: checking for x86_64-linux-gnu-ifc
configure:5861: result: no
configure:5832: checking for x86_64-linux-gnu-efc
configure:5861: result: no
configure:5832: checking for x86_64-linux-gnu-pgf95
configure:5861: result: no
configure:5832: checking for x86_64-linux-gnu-lf95
configure:5861: result: no
configure:5832: checking for x86_64-linux-gnu-gfortran
configure:5861: result: no
configure:5874: checking for g77
configure:5903: result: no
configure:5874: checking for f77
configure:5903: result: no
configure:5874: checking for xlf
configure:5903: result: no
configure:5874: checking for frt
configure:5903: result: no
configure:5874: checking for pgf77
configure:5903: result: no
configure:5874: checking for fort77
configure:5903: result: no
configure:5874: checking for fl32
configure:5903: result: no
configure:5874: checking for af77
configure:5903: result: no
configure:5874: checking for f90
configure:5903: result: no
configure:5874: checking for xlf90
configure:5903: result: no
configure:5874: checking for pgf90
configure:5903: result: no
configure:5874: checking for epcf90
configure:5903: result: no
configure:5874: checking for f95
configure:5903: result: no
configure:5874: checking for fort
configure:5903: result: no
configure:5874: checking for xlf95
configure:5903: result: no
configure:5874: checking for ifc
configure:5903: result: no
configure:5874: checking for efc
configure:5903: result: no
configure:5874: checking for pgf95
configure:5903: result: no
configure:5874: checking for lf95
configure:5903: result: no
configure:5874: checking for gfortran
configure:5903: result: no
configure:5915: checking for Fortran 77 compiler version
configure:5918:  --version </dev/null >&5
./configure: line 5919: --version: command not found
configure:5921: $? = 127
configure:5923:  -v </dev/null >&5
./configure: line 5924: -v: command not found
configure:5926: $? = 127
configure:5928:  -V </dev/null >&5
./configure: line 5929: -V: command not found
configure:5931: $? = 127
configure:5939: checking whether we are using the GNU Fortran 77 compiler
configure:5953:  -c  conftest.F >&5
./configure: line 5954: -c: command not found
configure:5959: $? = 127
configure: failed program was:
|       program main
| #ifndef __GNUC__
|        choke me
| #endif
| 
|       end
configure:5985: result: no
configure:5991: checking whether  accepts -g
configure:6003:  -c -g conftest.f >&5
./configure: line 6004: -c: command not found
configure:6009: $? = 127
configure: failed program was:
|       program main
| 
|       end
configure:6034: result: no
configure:6064: checking the maximum length of command line arguments
configure:6129: result: 32768
configure:6140: checking command to parse /usr/bin/x86_64-linux-gnu-nm -B output from x86_64-linux-gnu-gcc object
configure:6229: x86_64-linux-gnu-gcc -c -g -O2  conftest.c >&5
configure:6232: $? = 0
configure:6236: /usr/bin/x86_64-linux-gnu-nm -B conftest.o \| sed -n -e 's/^.*[ 	]\([ABCDGIRSTW][ABCDGIRSTW]*\)[ 	][ 	]*\(\)\([_A-Za-z][_A-Za-z0-9]*\)$/\1 \2\3 \3/p' \> conftest.nm
configure:6239: $? = 0
configure:6291: x86_64-linux-gnu-gcc -o conftest -g -O2   conftest.c conftstm.o >&5
configure:6294: $? = 0
configure:6332: result: ok
configure:6336: checking for objdir
configure:6351: result: .libs
configure:6403: checking for x86_64-linux-gnu-ar
configure:6419: found /usr/bin/x86_64-linux-gnu-ar
configure:6429: result: x86_64-linux-gnu-ar
configure:6483: checking for x86_64-linux-gnu-ranlib
configure:6509: result: x86_64-linux-gnu-ranlib
configure:6563: checking for x86_64-linux-gnu-strip
configure:6579: found /usr/bin/x86_64-linux-gnu-strip
configure:6589: result: x86_64-linux-gnu-strip
configure:6890: checking if x86_64-linux-gnu-gcc static flag  works
configure:6913: result: yes
configure:6931: checking if x86_64-linux-gnu-gcc supports -fno-rtti -fno-exceptions
configure:6949: x86_64-linux-gnu-gcc -c -g -O2  -fno-rtti -fno-exceptions conftest.c >&5
cc1: warning: command-line option '-fno-rtti' is valid for C++/D/ObjC++ but not for C
configure:6953: $? = 0
configure:6964: result: no
configure:6979: checking for x86_64-linux-gnu-gcc option to produce PIC
configure:7156: result: -fPIC
configure:7164: checking if x86_64-linux-gnu-gcc PIC flag -fPIC works
configure:7182: x86_64-linux-gnu-gcc -c -g -O2  -fPIC -DPIC conftest.c >&5
configure:7186: $? = 0
configure:7197: result: yes
configure:7221: checking if x86_64-linux-gnu-gcc supports -c -o file.o
configure:7242: x86_64-linux-gnu-gcc -c -g -O2  -o out/conftest2.o conftest.c >&5
configure:7246: $? = 0
configure:7266: result: yes
configure:7292: checking whether the x86_64-linux-gnu-gcc linker (/usr/bin/ld -m elf_x86_64) supports shared libraries
configure:8140: result: yes
configure:8166: checking whether -lc should be explicitly linked in
configure:8171: x86_64-linux-gnu-gcc -c -g -O2  conftest.c >&5
configure:8174: $? = 0
configure:8188: x86_64-linux-gnu-gcc -shared conftest.o  -v -Wl,-soname -Wl,conftest -o conftest 2\>\&1 \| grep  -lc  \>/dev/null 2\>\&1
configure:8191: $? = 0
configure:8203: result: no
configure:8211: checking dynamic linker characteristics
configure:8622: x86_64-linux-gnu-gcc -c -g -O2  conftest.c >&5
configure:8625: $? = 0
configure:8806: result: GNU/Linux ld.so
configure:8810: checking how to hardcode library paths into programs
configure:8835: result: immediate
configure:8849: checking whether stripping libraries is possible
configure:8854: result: yes
configure:9684: checking if libtool supports shared libraries
configure:9686: result: yes
configure:9689: checking whether to build shared libraries
configure:9747: result: yes
configure:9750: checking whether to build static libraries
configure:9754: result: yes
configure:9846: creating libtool
configure:10393: checking for ld used by x86_64-linux-gnu-g++
configure:10460: result: /usr/bin/ld -m elf_x86_64
configure:10469: checking if the linker (/usr/bin/ld -m elf_x86_64) is GNU ld
configure:10484: result: yes
configure:10535: checking whether the x86_64-linux-gnu-g++ linker (/usr/bin/ld -m elf_x86_64) supports shared libraries
configure:11363: result: yes
configure:11381: x86_64-linux-gnu-g++ -c -g -O2  conftest.cc >&5
configure:11384: $? = 0
configure:11480: checking for x86_64-linux-gnu-g++ option to produce PIC
configure:11732: result: -fPIC
configure:11740: checking if x86_64-linux-gnu-g++ PIC flag -fPIC works
configure:11758: x86_64-linux-gnu-g++ -c -g -O2  -fPIC -DPIC conftest.cc >&5
configure:11762: $? = 0
configure:11773: result: yes
configure:11797: checking if x86_64-linux-gnu-g++ supports -c -o file.o
configure:11818: x86_64-linux-gnu-g++ -c -g -O2  -o out/conftest2.o conftest.cc >&5
configure:11822: $? = 0
configure:11842: result: yes
configure:11868: checking whether the x86_64-linux-gnu-g++ linker (/usr/bin/ld -m elf_x86_64) supports shared libraries
configure:11893: result: yes
configure:11964: checking dynamic linker characteristics
configure:12375: x86_64-linux-gnu-g++ -c -g -O2  conftest.cc >&5
configure:12378: $? = 0
configure:12559: result: GNU/Linux ld.so
configure:12563: checking how to hardcode library paths into programs
configure:12588: result: immediate
configure:12602: checking whether stripping libraries is possible
configure:12607: result: yes
configure:19972: checking for strerror in -lcposix
configure:20002: x86_64-linux-gnu-gcc -o conftest -g -O2   conftest.c -lcposix   >&5
/usr/bin/ld: cannot find -lcposix: No such file or directory
collect2: error: ld returned 1 exit status
configure:20008: $? = 1
configure: failed program was:
| /* confdefs.h.  */
| 
| #define PACKAGE_NAME ""
| #define PACKAGE_TARNAME ""
| #define PACKAGE_VERSION ""
| #define PACKAGE_STRING ""
| #define PACKAGE_BUGREPORT ""
| #define PACKAGE "libsrs2"
| #define VERSION "1.0.18"
| #define STDC_HEADERS 1
| #define HAVE_SYS_TYPES_H 1
| #define HAVE_SYS_STAT_H 1
| #define HAVE_STDLIB_H 1
| #define HAVE_STRING_H 1
| #define HAVE_MEMORY_H 1
| #define HAVE_STRINGS_H 1
| #define HAVE_INTTYPES_H 1
| #define HAVE_STDINT_H 1
| #define HAVE_UNISTD_H 1
| #define HAVE_DLFCN_H 1
| #ifdef __cplusplus
| extern "C" void std::exit (int) throw (); using std::exit;
| #endif
| /* end confdefs.h.  */
| 
| /* Override any gcc2 internal prototype to avoid an error.  */
| #ifdef __cplusplus
| extern "C"
| #endif
| /* We use char because int might match the return type of a gcc2
|    builtin and then its argument prototype would still apply.  */
| char strerror ();
| int
| main ()
| {
| strerror ();
|   ;
|   return 0;
| }
configure:20034: result: no
configure:20043: checking for an ANSI C-conforming const
configure:20110: x86_64-linux-gnu-gcc -c -g -O2  conftest.c >&5
configure:20116: $? = 0
configure:20120: test -z 
			 || test ! -s conftest.err
configure:20123: $? = 0
configure:20126: test -s conftest.o
configure:20129: $? = 0
configure:20140: result: yes
configure:20150: checking for inline
configure:20171: x86_64-linux-gnu-gcc -c -g -O2  conftest.c >&5
configure:20177: $? = 0
configure:20181: test -z 
			 || test ! -s conftest.err
configure:20184: $? = 0
configure:20187: test -s conftest.o
configure:20190: $? = 0
configure:20202: result: inline
configure:20221: checking for pid_t
configure:20245: x86_64-linux-gnu-gcc -c -g -O2  conftest.c >&5
configure:20251: $? = 0
configure:20255: test -z 
			 || test ! -s conftest.err
configure:20258: $? = 0
configure:20261: test -s conftest.o
configure:20264: $? = 0
configure:20275: result: yes
configure:20287: checking for size_t
configure:20311: x86_64-linux-gnu-gcc -c -g -O2  conftest.c >&5
configure:20317: $? = 0
configure:20321: test -z 
			 || test ! -s conftest.err
configure:20324: $? = 0
configure:20327: test -s conftest.o
configure:20330: $? = 0
configure:20341: result: yes
configure:20353: checking for working volatile
configure:20376: x86_64-linux-gnu-gcc -c -g -O2  conftest.c >&5
configure:20382: $? = 0
configure:20386: test -z 
			 || test ! -s conftest.err
configure:20389: $? = 0
configure:20392: test -s conftest.o
configure:20395: $? = 0
configure:20406: result: yes
configure:20416: checking whether byte ordering is bigendian
configure:20443: x86_64-linux-gnu-gcc -c -g -O2  conftest.c >&5
configure:20449: $? = 0
configure:20453: test -z 
			 || test ! -s conftest.err
configure:20456: $? = 0
configure:20459: test -s conftest.o
configure:20462: $? = 0
configure:20486: x86_64-linux-gnu-gcc -c -g -O2  conftest.c >&5
conftest.c: In function 'main':
conftest.c:32:2: error: unknown type name 'not'; did you mean 'ino_t'?
   32 |  not big endian
      |  ^~~
      |  ino_t
conftest.c:32:10: error: expected '=', ',', ';', 'asm' or '__attribute__' before 'endian'
   32 |  not big endian
      |          ^~~~~~
configure:20492: $? = 1
configure: failed program was:
| /* confdefs.h.  */
| 
| #define PACKAGE_NAME ""
| #define PACKAGE_TARNAME ""
| #define PACKAGE_VERSION ""
| #define PACKAGE_STRING ""
| #define PACKAGE_BUGREPORT ""
| #define PACKAGE "libsrs2"
| #define VERSION "1.0.18"
| #define STDC_HEADERS 1
| #define HAVE_SYS_TYPES_H 1
| #define HAVE_SYS_STAT_H 1
| #define HAVE_STDLIB_H 1
| #define HAVE_STRING_H 1
| #define HAVE_MEMORY_H 1
| #define HAVE_STRINGS_H 1
| #define HAVE_INTTYPES_H 1
| #define HAVE_STDINT_H 1
| #define HAVE_UNISTD_H 1
| #define HAVE_DLFCN_H 1
| #ifdef __cplusplus
| extern "C" void std::exit (int) throw (); using std::exit;
| #endif
| /* end confdefs.h.  */
| #include <sys/types.h>
| #include <sys/param.h>
| 
| int
| main ()
| {
| #if BYTE_ORDER != BIG_ENDIAN
|  not big endian
| #endif
| 
|   ;
|   return 0;
| }
configure:20627: result: no
configure:20646: checking for inline
configure:20698: result: inline
configure:20718: checking whether char is unsigned
configure:20741: x86_64-linux-gnu-gcc -c -g -O2  conftest.c >&5
configure:20747: $? = 0
configure:20751: test -z 
			 || test ! -s conftest.err
configure:20754: $? = 0
configure:20757: test -s conftest.o
configure:20760: $? = 0
configure:20771: result: no
configure:20780: checking for int
configure:20804: x86_64-linux-gnu-gcc -c -g -O2  conftest.c >&5
configure:20810: $? = 0
configure:20814: test -z 
			 || test ! -s conftest.err
configure:20817: $? = 0
configure:20820: test -s conftest.o
configure:20823: $? = 0
configure:20834: result: yes
configure:20837: checking size of int
configure:21156: x86_64-linux-gnu-gcc -o conftest -g -O2   conftest.c  >&5
configure:21159: $? = 0
configure:21161: ./conftest
configure:21164: $? = 0
configure:21187: result: 4
configure:21194: checking for unsigned long
configure:21218: x86_64-linux-gnu-gcc -c -g -O2  conftest.c >&5
configure:21224: $? = 0
configure:21228: test -z 
			 || test ! -s conftest.err
configure:21231: $? = 0
configure:21234: test -s conftest.o
configure:21237: $? = 0
configure:21248: result: yes
configure:21251: checking size of unsigned long
configure:21570: x86_64-linux-gnu-gcc -o conftest -g -O2   conftest.c  >&5
configure:21573: $? = 0
configure:21575: ./conftest
configure:21578: $? = 0
configure:21601: result: 8
configure:21609: checking for ANSI C header files
configure:21765: result: yes
configure:21784: checking for strings.h
configure:21789: result: yes
configure:21793: checking time.h usability
configure:21805: x86_64-linux-gnu-gcc -c -g -O2  conftest.c >&5
configure:21811: $? = 0
configure:21815: test -z 
			 || test ! -s conftest.err
configure:21818: $? = 0
configure:21821: test -s conftest.o
configure:21824: $? = 0
configure:21834: result: yes
configure:21838: checking time.h presence
configure:21848: x86_64-linux-gnu-gcc -E  conftest.c
configure:21854: $? = 0
configure:21874: result: yes
configure:21909: checking for time.h
configure:21916: result: yes
configure:21793: checking sys/time.h usability
configure:21805: x86_64-linux-gnu-gcc -c -g -O2  conftest.c >&5
configure:21811: $? = 0
configure:21815: test -z 
			 || test ! -s conftest.err
configure:21818: $? = 0
configure:21821: test -s conftest.o
configure:21824: $? = 0
configure:21834: result: yes
configure:21838: checking sys/time.h presence
configure:21848: x86_64-linux-gnu-gcc -E  conftest.c
configure:21854: $? = 0
configure:21874: result: yes
configure:21909: checking for sys/time.h
configure:21916: result: yes
configure:21784: checking for sys/types.h
configure:21789: result: yes
configure:21784: checking for unistd.h
configure:21789: result: yes
configure:21947: checking errno.h usability
configure:21959: x86_64-linux-gnu-gcc -c -g -O2  conftest.c >&5
configure:21965: $? = 0
configure:21969: test -z 
			 || test ! -s conftest.err
configure:21972: $? = 0
configure:21975: test -s conftest.o
configure:21978: $? = 0
configure:21988: result: yes
configure:21992: checking errno.h presence
configure:22002: x86_64-linux-gnu-gcc -E  conftest.c
configure:22008: $? = 0
configure:22028: result: yes
configure:22063: checking for errno.h
configure:22070: result: yes
configure:21947: checking sys/select.h usability
configure:21959: x86_64-linux-gnu-gcc -c -g -O2  conftest.c >&5
configure:21965: $? = 0
configure:21969: test -z 
			 || test ! -s conftest.err
configure:21972: $? = 0
configure:21975: test -s conftest.o
configure:21978: $? = 0
configure:21988: result: yes
configure:21992: checking sys/select.h presence
configure:22002: x86_64-linux-gnu-gcc -E  conftest.c
configure:22008: $? = 0
configure:22028: result: yes
configure:22063: checking for sys/select.h
configure:22070: result: yes
configure:21947: checking sys/socket.h usability
configure:21959: x86_64-linux-gnu-gcc -c -g -O2  conftest.c >&5
configure:21965: $? = 0
configure:21969: test -z 
			 || test ! -s conftest.err
configure:21972: $? = 0
configure:21975: test -s conftest.o
configure:21978: $? = 0
configure:21988: result: yes
configure:21992: checking sys/socket.h presence
configure:22002: x86_64-linux-gnu-gcc -E  conftest.c
configure:22008: $? = 0
configure:22028: result: yes
configure:22063: checking for sys/socket.h
configure:22070: result: yes
configure:21947: checking stdarg.h usability
configure:21959: x86_64-linux-gnu-gcc -c -g -O2  conftest.c >&5
configure:21965: $? = 0
configure:21969: test -z 
			 || test ! -s conftest.err
configure:21972: $? = 0
configure:21975: test -s conftest.o
configure:21978: $? = 0
configure:21988: result: yes
configure:21992: checking stdarg.h presence
configure:22002: x86_64-linux-gnu-gcc -E  conftest.c
configure:22008: $? = 0
configure:22028: result: yes
configure:22063: checking for stdarg.h
configure:22070: result: yes
configure:21947: checking getopt.h usability
configure:21959: x86_64-linux-gnu-gcc -c -g -O2  conftest.c >&5
configure:21965: $? = 0
configure:21969: test -z 
			 || test ! -s conftest.err
configure:21972: $? = 0
configure:21975: test -s conftest.o
configure:21978: $? = 0
configure:21988: result: yes
configure:21992: checking getopt.h presence
configure:22002: x86_64-linux-gnu-gcc -E  conftest.c
configure:22008: $? = 0
configure:22028: result: yes
configure:22063: checking for getopt.h
configure:22070: result: yes
configure:22097: checking alloca.h usability
configure:22109: x86_64-linux-gnu-gcc -c -g -O2  conftest.c >&5
configure:22115: $? = 0
configure:22119: test -z 
			 || test ! -s conftest.err
configure:22122: $? = 0
configure:22125: test -s conftest.o
configure:22128: $? = 0
configure:22138: result: yes
configure:22142: checking alloca.h presence
configure:22152: x86_64-linux-gnu-gcc -E  conftest.c
configure:22158: $? = 0
configure:22178: result: yes
configure:22213: checking for alloca.h
configure:22220: result: yes
configure:22237: checking for inet_pton in -lnsl
configure:22267: x86_64-linux-gnu-gcc -o conftest -g -O2   conftest.c -lnsl   >&5
configure:22273: $? = 0
configure:22277: test -z 
			 || test ! -s conftest.err
configure:22280: $? = 0
configure:22283: test -s conftest
configure:22286: $? = 0
configure:22299: result: yes
configure:22311: checking for socket in -lsocket
configure:22341: x86_64-linux-gnu-gcc -o conftest -g -O2   conftest.c -lsocket  -lnsl  >&5
/usr/bin/ld: cannot find -lsocket: No such file or directory
collect2: error: ld returned 1 exit status
configure:22347: $? = 1
configure: failed program was:
| /* confdefs.h.  */
| 
| #define PACKAGE_NAME ""
| #define PACKAGE_TARNAME ""
| #define PACKAGE_VERSION ""
| #define PACKAGE_STRING ""
| #define PACKAGE_BUGREPORT ""
| #define PACKAGE "libsrs2"
| #define VERSION "1.0.18"
| #define STDC_HEADERS 1
| #define HAVE_SYS_TYPES_H 1
| #define HAVE_SYS_STAT_H 1
| #define HAVE_STDLIB_H 1
| #define HAVE_STRING_H 1
| #define HAVE_MEMORY_H 1
| #define HAVE_STRINGS_H 1
| #define HAVE_INTTYPES_H 1
| #define HAVE_STDINT_H 1
| #define HAVE_UNISTD_H 1
| #define HAVE_DLFCN_H 1
| #ifdef __cplusplus
| extern "C" void std::exit (int) throw (); using std::exit;
| #endif
| #define SIZEOF_INT 4
| #define SIZEOF_UNSIGNED_LONG 8
| #define STDC_HEADERS 1
| #define HAVE_STRINGS_H 1
| #define HAVE_TIME_H 1
| #define HAVE_SYS_TIME_H 1
| #define HAVE_SYS_TYPES_H 1
| #define HAVE_UNISTD_H 1
| #define HAVE_ERRNO_H 1
| #define HAVE_SYS_SELECT_H 1
| #define HAVE_SYS_SOCKET_H 1
| #define HAVE_STDARG_H 1
| #define HAVE_GETOPT_H 1
| #define HAVE_ALLOCA_H 1
| #define HAVE_LIBNSL 1
| /* end confdefs.h.  */
| 
| /* Override any gcc2 internal prototype to avoid an error.  */
| #ifdef __cplusplus
| extern "C"
| #endif
| /* We use char because int might match the return type of a gcc2
|    builtin and then its argument prototype would still apply.  */
| char socket ();
| int
| main ()
| {
| socket ();
|   ;
|   return 0;
| }
configure:22373: result: no
configure:22385: checking for gethostbyname in -lresolv
configure:22415: x86_64-linux-gnu-gcc -o conftest -g -O2   conftest.c -lresolv  -lnsl  >&5
configure:22421: $? = 0
configure:22425: test -z 
			 || test ! -s conftest.err
configure:22428: $? = 0
configure:22431: test -s conftest
configure:22434: $? = 0
configure:22447: result: yes
configure:22459: checking for an ANSI C-conforming const
configure:22556: result: yes
configure:22566: checking for size_t
configure:22620: result: yes
configure:22632: checking whether time.h and sys/time.h may both be included
configure:22657: x86_64-linux-gnu-gcc -c -g -O2  conftest.c >&5
configure:22663: $? = 0
configure:22667: test -z 
			 || test ! -s conftest.err
configure:22670: $? = 0
configure:22673: test -s conftest.o
configure:22676: $? = 0
configure:22687: result: yes
configure:22703: checking for strdup
configure:22760: x86_64-linux-gnu-gcc -o conftest -g -O2   conftest.c -lresolv -lnsl  >&5
conftest.c:66:6: warning: conflicting types for built-in function 'strdup'; expected 'char *(const char *)' [-Wbuiltin-declaration-mismatch]
   66 | char strdup ();
      |      ^~~~~~
configure:22766: $? = 0
configure:22770: test -z 
			 || test ! -s conftest.err
configure:22773: $? = 0
configure:22776: test -s conftest
configure:22779: $? = 0
configure:22791: result: yes
configure:22703: checking for strstr
configure:22760: x86_64-linux-gnu-gcc -o conftest -g -O2   conftest.c -lresolv -lnsl  >&5
conftest.c:67:6: warning: conflicting types for built-in function 'strstr'; expected 'char *(const char *, const char *)' [-Wbuiltin-declaration-mismatch]
   67 | char strstr ();
      |      ^~~~~~
conftest.c:54:1: note: 'strstr' is declared in header '<string.h>'
   53 | # include <limits.h>
   54 | #else
configure:22766: $? = 0
configure:22770: test -z 
			 || test ! -s conftest.err
configure:22773: $? = 0
configure:22776: test -s conftest
configure:22779: $? = 0
configure:22791: result: yes
configure:22807: checking for alloca
configure:22864: x86_64-linux-gnu-gcc -o conftest -g -O2   conftest.c -lresolv -lnsl  >&5
conftest.c:68:6: warning: conflicting types for built-in function 'alloca'; expected 'void *(long unsigned int)' [-Wbuiltin-declaration-mismatch]
   68 | char alloca ();
      |      ^~~~~~
/usr/bin/ld: /tmp/ccTfEmuE.o: in function `main':
/home/fade/SourceCode/debian/libsrs2/libsrs2-1.0.18/conftest.c:84: undefined reference to `alloca'
/usr/bin/ld: /tmp/ccTfEmuE.o:/home/fade/SourceCode/debian/libsrs2/libsrs2-1.0.18/conftest.c:75: undefined reference to `alloca'
collect2: error: ld returned 1 exit status
configure:22870: $? = 1
configure: failed program was:
| /* confdefs.h.  */
| 
| #define PACKAGE_NAME ""
| #define PACKAGE_TARNAME ""
| #define PACKAGE_VERSION ""
| #define PACKAGE_STRING ""
| #define PACKAGE_BUGREPORT ""
| #define PACKAGE "libsrs2"
| #define VERSION "1.0.18"
| #define STDC_HEADERS 1
| #define HAVE_SYS_TYPES_H 1
| #define HAVE_SYS_STAT_H 1
| #define HAVE_STDLIB_H 1
| #define HAVE_STRING_H 1
| #define HAVE_MEMORY_H 1
| #define HAVE_STRINGS_H 1
| #define HAVE_INTTYPES_H 1
| #define HAVE_STDINT_H 1
| #define HAVE_UNISTD_H 1
| #define HAVE_DLFCN_H 1
| #ifdef __cplusplus
| extern "C" void std::exit (int) throw (); using std::exit;
| #endif
| #define SIZEOF_INT 4
| #define SIZEOF_UNSIGNED_LONG 8
| #define STDC_HEADERS 1
| #define HAVE_STRINGS_H 1
| #define HAVE_TIME_H 1
| #define HAVE_SYS_TIME_H 1
| #define HAVE_SYS_TYPES_H 1
| #define HAVE_UNISTD_H 1
| #define HAVE_ERRNO_H 1
| #define HAVE_SYS_SELECT_H 1
| #define HAVE_SYS_SOCKET_H 1
| #define HAVE_STDARG_H 1
| #define HAVE_GETOPT_H 1
| #define HAVE_ALLOCA_H 1
| #define HAVE_LIBNSL 1
| #define HAVE_LIBRESOLV 1
| #define TIME_WITH_SYS_TIME 1
| #define HAVE_STRDUP 1
| #define HAVE_STRSTR 1
| /* end confdefs.h.  */
| /* Define alloca to an innocuous variant, in case <limits.h> declares alloca.
|    For example, HP-UX 11i <limits.h> declares gettimeofday.  */
| #define alloca innocuous_alloca
| 
| /* System header to define __stub macros and hopefully few prototypes,
|     which can conflict with char alloca (); below.
|     Prefer <limits.h> to <assert.h> if __STDC__ is defined, since
|     <limits.h> exists even on freestanding compilers.  */
| 
| #ifdef __STDC__
| # include <limits.h>
| #else
| # include <assert.h>
| #endif
| 
| #undef alloca
| 
| /* Override any gcc2 internal prototype to avoid an error.  */
| #ifdef __cplusplus
| extern "C"
| {
| #endif
| /* We use char because int might match the return type of a gcc2
|    builtin and then its argument prototype would still apply.  */
| char alloca ();
| /* The GNU C library defines this for functions which it implements
|     to always fail with ENOSYS.  Some functions are actually named
|     something starting with __ and the normal name is an alias.  */
| #if defined (__stub_alloca) || defined (__stub___alloca)
| choke me
| #else
| char (*f) () = alloca;
| #endif
| #ifdef __cplusplus
| }
| #endif
| 
| int
| main ()
| {
| return f != alloca;
|   ;
|   return 0;
| }
configure:22895: result: no
configure:22807: checking for strcasecmp
configure:22864: x86_64-linux-gnu-gcc -o conftest -g -O2   conftest.c -lresolv -lnsl  >&5
conftest.c:68:6: warning: conflicting types for built-in function 'strcasecmp'; expected 'int(const char *, const char *)' [-Wbuiltin-declaration-mismatch]
   68 | char strcasecmp ();
      |      ^~~~~~~~~~
configure:22870: $? = 0
configure:22874: test -z 
			 || test ! -s conftest.err
configure:22877: $? = 0
configure:22880: test -s conftest
configure:22883: $? = 0
configure:22895: result: yes
configure:22807: checking for strncasecmp
configure:22864: x86_64-linux-gnu-gcc -o conftest -g -O2   conftest.c -lresolv -lnsl  >&5
conftest.c:69:6: warning: conflicting types for built-in function 'strncasecmp'; expected 'int(const char *, const char *, long unsigned int)' [-Wbuiltin-declaration-mismatch]
   69 | char strncasecmp ();
      |      ^~~~~~~~~~~
configure:22870: $? = 0
configure:22874: test -z 
			 || test ! -s conftest.err
configure:22877: $? = 0
configure:22880: test -s conftest
configure:22883: $? = 0
configure:22895: result: yes
configure:22911: checking for _alloca
configure:22968: x86_64-linux-gnu-gcc -o conftest -g -O2   conftest.c -lresolv -lnsl  >&5
/usr/bin/ld: /tmp/ccfxRAmW.o: in function `main':
/home/fade/SourceCode/debian/libsrs2/libsrs2-1.0.18/conftest.c:86: undefined reference to `_alloca'
/usr/bin/ld: /tmp/ccfxRAmW.o:/home/fade/SourceCode/debian/libsrs2/libsrs2-1.0.18/conftest.c:77: undefined reference to `_alloca'
collect2: error: ld returned 1 exit status
configure:22974: $? = 1
configure: failed program was:
| /* confdefs.h.  */
| 
| #define PACKAGE_NAME ""
| #define PACKAGE_TARNAME ""
| #define PACKAGE_VERSION ""
| #define PACKAGE_STRING ""
| #define PACKAGE_BUGREPORT ""
| #define PACKAGE "libsrs2"
| #define VERSION "1.0.18"
| #define STDC_HEADERS 1
| #define HAVE_SYS_TYPES_H 1
| #define HAVE_SYS_STAT_H 1
| #define HAVE_STDLIB_H 1
| #define HAVE_STRING_H 1
| #define HAVE_MEMORY_H 1
| #define HAVE_STRINGS_H 1
| #define HAVE_INTTYPES_H 1
| #define HAVE_STDINT_H 1
| #define HAVE_UNISTD_H 1
| #define HAVE_DLFCN_H 1
| #ifdef __cplusplus
| extern "C" void std::exit (int) throw (); using std::exit;
| #endif
| #define SIZEOF_INT 4
| #define SIZEOF_UNSIGNED_LONG 8
| #define STDC_HEADERS 1
| #define HAVE_STRINGS_H 1
| #define HAVE_TIME_H 1
| #define HAVE_SYS_TIME_H 1
| #define HAVE_SYS_TYPES_H 1
| #define HAVE_UNISTD_H 1
| #define HAVE_ERRNO_H 1
| #define HAVE_SYS_SELECT_H 1
| #define HAVE_SYS_SOCKET_H 1
| #define HAVE_STDARG_H 1
| #define HAVE_GETOPT_H 1
| #define HAVE_ALLOCA_H 1
| #define HAVE_LIBNSL 1
| #define HAVE_LIBRESOLV 1
| #define TIME_WITH_SYS_TIME 1
| #define HAVE_STRDUP 1
| #define HAVE_STRSTR 1
| #define HAVE_STRCASECMP 1
| #define HAVE_STRNCASECMP 1
| /* end confdefs.h.  */
| /* Define _alloca to an innocuous variant, in case <limits.h> declares _alloca.
|    For example, HP-UX 11i <limits.h> declares gettimeofday.  */
| #define _alloca innocuous__alloca
| 
| /* System header to define __stub macros and hopefully few prototypes,
|     which can conflict with char _alloca (); below.
|     Prefer <limits.h> to <assert.h> if __STDC__ is defined, since
|     <limits.h> exists even on freestanding compilers.  */
| 
| #ifdef __STDC__
| # include <limits.h>
| #else
| # include <assert.h>
| #endif
| 
| #undef _alloca
| 
| /* Override any gcc2 internal prototype to avoid an error.  */
| #ifdef __cplusplus
| extern "C"
| {
| #endif
| /* We use char because int might match the return type of a gcc2
|    builtin and then its argument prototype would still apply.  */
| char _alloca ();
| /* The GNU C library defines this for functions which it implements
|     to always fail with ENOSYS.  Some functions are actually named
|     something starting with __ and the normal name is an alias.  */
| #if defined (__stub__alloca) || defined (__stub____alloca)
| choke me
| #else
| char (*f) () = _alloca;
| #endif
| #ifdef __cplusplus
| }
| #endif
| 
| int
| main ()
| {
| return f != _alloca;
|   ;
|   return 0;
| }
configure:22999: result: no
configure:22911: checking for _stricmp
configure:22968: x86_64-linux-gnu-gcc -o conftest -g -O2   conftest.c -lresolv -lnsl  >&5
/usr/bin/ld: /tmp/cczH4JnF.o: in function `main':
/home/fade/SourceCode/debian/libsrs2/libsrs2-1.0.18/conftest.c:86: undefined reference to `_stricmp'
/usr/bin/ld: /tmp/cczH4JnF.o:/home/fade/SourceCode/debian/libsrs2/libsrs2-1.0.18/conftest.c:77: undefined reference to `_stricmp'
collect2: error: ld returned 1 exit status
configure:22974: $? = 1
configure: failed program was:
| /* confdefs.h.  */
| 
| #define PACKAGE_NAME ""
| #define PACKAGE_TARNAME ""
| #define PACKAGE_VERSION ""
| #define PACKAGE_STRING ""
| #define PACKAGE_BUGREPORT ""
| #define PACKAGE "libsrs2"
| #define VERSION "1.0.18"
| #define STDC_HEADERS 1
| #define HAVE_SYS_TYPES_H 1
| #define HAVE_SYS_STAT_H 1
| #define HAVE_STDLIB_H 1
| #define HAVE_STRING_H 1
| #define HAVE_MEMORY_H 1
| #define HAVE_STRINGS_H 1
| #define HAVE_INTTYPES_H 1
| #define HAVE_STDINT_H 1
| #define HAVE_UNISTD_H 1
| #define HAVE_DLFCN_H 1
| #ifdef __cplusplus
| extern "C" void std::exit (int) throw (); using std::exit;
| #endif
| #define SIZEOF_INT 4
| #define SIZEOF_UNSIGNED_LONG 8
| #define STDC_HEADERS 1
| #define HAVE_STRINGS_H 1
| #define HAVE_TIME_H 1
| #define HAVE_SYS_TIME_H 1
| #define HAVE_SYS_TYPES_H 1
| #define HAVE_UNISTD_H 1
| #define HAVE_ERRNO_H 1
| #define HAVE_SYS_SELECT_H 1
| #define HAVE_SYS_SOCKET_H 1
| #define HAVE_STDARG_H 1
| #define HAVE_GETOPT_H 1
| #define HAVE_ALLOCA_H 1
| #define HAVE_LIBNSL 1
| #define HAVE_LIBRESOLV 1
| #define TIME_WITH_SYS_TIME 1
| #define HAVE_STRDUP 1
| #define HAVE_STRSTR 1
| #define HAVE_STRCASECMP 1
| #define HAVE_STRNCASECMP 1
| /* end confdefs.h.  */
| /* Define _stricmp to an innocuous variant, in case <limits.h> declares _stricmp.
|    For example, HP-UX 11i <limits.h> declares gettimeofday.  */
| #define _stricmp innocuous__stricmp
| 
| /* System header to define __stub macros and hopefully few prototypes,
|     which can conflict with char _stricmp (); below.
|     Prefer <limits.h> to <assert.h> if __STDC__ is defined, since
|     <limits.h> exists even on freestanding compilers.  */
| 
| #ifdef __STDC__
| # include <limits.h>
| #else
| # include <assert.h>
| #endif
| 
| #undef _stricmp
| 
| /* Override any gcc2 internal prototype to avoid an error.  */
| #ifdef __cplusplus
| extern "C"
| {
| #endif
| /* We use char because int might match the return type of a gcc2
|    builtin and then its argument prototype would still apply.  */
| char _stricmp ();
| /* The GNU C library defines this for functions which it implements
|     to always fail with ENOSYS.  Some functions are actually named
|     something starting with __ and the normal name is an alias.  */
| #if defined (__stub__stricmp) || defined (__stub____stricmp)
| choke me
| #else
| char (*f) () = _stricmp;
| #endif
| #ifdef __cplusplus
| }
| #endif
| 
| int
| main ()
| {
| return f != _stricmp;
|   ;
|   return 0;
| }
configure:22999: result: no
configure:22911: checking for _strnicmp
configure:22968: x86_64-linux-gnu-gcc -o conftest -g -O2   conftest.c -lresolv -lnsl  >&5
/usr/bin/ld: /tmp/cc1j32K8.o: in function `main':
/home/fade/SourceCode/debian/libsrs2/libsrs2-1.0.18/conftest.c:86: undefined reference to `_strnicmp'
/usr/bin/ld: /tmp/cc1j32K8.o:/home/fade/SourceCode/debian/libsrs2/libsrs2-1.0.18/conftest.c:77: undefined reference to `_strnicmp'
collect2: error: ld returned 1 exit status
configure:22974: $? = 1
configure: failed program was:
| /* confdefs.h.  */
| 
| #define PACKAGE_NAME ""
| #define PACKAGE_TARNAME ""
| #define PACKAGE_VERSION ""
| #define PACKAGE_STRING ""
| #define PACKAGE_BUGREPORT ""
| #define PACKAGE "libsrs2"
| #define VERSION "1.0.18"
| #define STDC_HEADERS 1
| #define HAVE_SYS_TYPES_H 1
| #define HAVE_SYS_STAT_H 1
| #define HAVE_STDLIB_H 1
| #define HAVE_STRING_H 1
| #define HAVE_MEMORY_H 1
| #define HAVE_STRINGS_H 1
| #define HAVE_INTTYPES_H 1
| #define HAVE_STDINT_H 1
| #define HAVE_UNISTD_H 1
| #define HAVE_DLFCN_H 1
| #ifdef __cplusplus
| extern "C" void std::exit (int) throw (); using std::exit;
| #endif
| #define SIZEOF_INT 4
| #define SIZEOF_UNSIGNED_LONG 8
| #define STDC_HEADERS 1
| #define HAVE_STRINGS_H 1
| #define HAVE_TIME_H 1
| #define HAVE_SYS_TIME_H 1
| #define HAVE_SYS_TYPES_H 1
| #define HAVE_UNISTD_H 1
| #define HAVE_ERRNO_H 1
| #define HAVE_SYS_SELECT_H 1
| #define HAVE_SYS_SOCKET_H 1
| #define HAVE_STDARG_H 1
| #define HAVE_GETOPT_H 1
| #define HAVE_ALLOCA_H 1
| #define HAVE_LIBNSL 1
| #define HAVE_LIBRESOLV 1
| #define TIME_WITH_SYS_TIME 1
| #define HAVE_STRDUP 1
| #define HAVE_STRSTR 1
| #define HAVE_STRCASECMP 1
| #define HAVE_STRNCASECMP 1
| /* end confdefs.h.  */
| /* Define _strnicmp to an innocuous variant, in case <limits.h> declares _strnicmp.
|    For example, HP-UX 11i <limits.h> declares gettimeofday.  */
| #define _strnicmp innocuous__strnicmp
| 
| /* System header to define __stub macros and hopefully few prototypes,
|     which can conflict with char _strnicmp (); below.
|     Prefer <limits.h> to <assert.h> if __STDC__ is defined, since
|     <limits.h> exists even on freestanding compilers.  */
| 
| #ifdef __STDC__
| # include <limits.h>
| #else
| # include <assert.h>
| #endif
| 
| #undef _strnicmp
| 
| /* Override any gcc2 internal prototype to avoid an error.  */
| #ifdef __cplusplus
| extern "C"
| {
| #endif
| /* We use char because int might match the return type of a gcc2
|    builtin and then its argument prototype would still apply.  */
| char _strnicmp ();
| /* The GNU C library defines this for functions which it implements
|     to always fail with ENOSYS.  Some functions are actually named
|     something starting with __ and the normal name is an alias.  */
| #if defined (__stub__strnicmp) || defined (__stub____strnicmp)
| choke me
| #else
| char (*f) () = _strnicmp;
| #endif
| #ifdef __cplusplus
| }
| #endif
| 
| int
| main ()
| {
| return f != _strnicmp;
|   ;
|   return 0;
| }
configure:22999: result: no
configure:23014: checking for getopt_long
configure:23071: x86_64-linux-gnu-gcc -o conftest -g -O2   conftest.c -lresolv -lnsl  >&5
configure:23077: $? = 0
configure:23081: test -z 
			 || test ! -s conftest.err
configure:23084: $? = 0
configure:23087: test -s conftest
configure:23090: $? = 0
configure:23102: result: yes
configure:23214: creating ./config.status

## ---------------------- ##
## Running config.status. ##
## ---------------------- ##

This file was extended by config.status, which was
generated by GNU Autoconf 2.59.  Invocation command line was

  CONFIG_FILES    = 
  CONFIG_HEADERS  = 
  CONFIG_LINKS    = 
  CONFIG_COMMANDS = 
  $ ./config.status 

on qmail

config.status:695: creating libsrs2/Makefile
config.status:695: creating tools/Makefile
config.status:695: creating Makefile
config.status:799: creating config.h
config.status:1127: executing default-1 commands

## ---------------- ##
## Cache variables. ##
## ---------------- ##

ac_cv_build=x86_64-pc-linux-gnu
ac_cv_build_alias=x86_64-linux-gnu
ac_cv_c_bigendian=no
ac_cv_c_char_unsigned=no
ac_cv_c_compiler_gnu=yes
ac_cv_c_const=yes
ac_cv_c_inline=inline
ac_cv_c_volatile=yes
ac_cv_cxx_compiler_gnu=yes
ac_cv_env_CC_set=
ac_cv_env_CC_value=
ac_cv_env_CFLAGS_set=
ac_cv_env_CFLAGS_value=
ac_cv_env_CPPFLAGS_set=
ac_cv_env_CPPFLAGS_value=
ac_cv_env_CPP_set=
ac_cv_env_CPP_value=
ac_cv_env_CXXCPP_set=
ac_cv_env_CXXCPP_value=
ac_cv_env_CXXFLAGS_set=
ac_cv_env_CXXFLAGS_value=
ac_cv_env_CXX_set=
ac_cv_env_CXX_value=
ac_cv_env_F77_set=
ac_cv_env_F77_value=
ac_cv_env_FFLAGS_set=
ac_cv_env_FFLAGS_value=
ac_cv_env_LDFLAGS_set=
ac_cv_env_LDFLAGS_value=
ac_cv_env_build_alias_set=set
ac_cv_env_build_alias_value=x86_64-linux-gnu
ac_cv_env_host_alias_set=set
ac_cv_env_host_alias_value=x86_64-linux-gnu
ac_cv_env_target_alias_set=
ac_cv_env_target_alias_value=
ac_cv_exeext=
ac_cv_f77_compiler_gnu=no
ac_cv_func__alloca=no
ac_cv_func__stricmp=no
ac_cv_func__strnicmp=no
ac_cv_func_alloca=no
ac_cv_func_getopt_long=yes
ac_cv_func_strcasecmp=yes
ac_cv_func_strdup=yes
ac_cv_func_strncasecmp=yes
ac_cv_func_strstr=yes
ac_cv_header_alloca_h=yes
ac_cv_header_dlfcn_h=yes
ac_cv_header_errno_h=yes
ac_cv_header_getopt_h=yes
ac_cv_header_inttypes_h=yes
ac_cv_header_memory_h=yes
ac_cv_header_minix_config_h=no
ac_cv_header_stdarg_h=yes
ac_cv_header_stdc=yes
ac_cv_header_stdint_h=yes
ac_cv_header_stdlib_h=yes
ac_cv_header_string_h=yes
ac_cv_header_strings_h=yes
ac_cv_header_sys_select_h=yes
ac_cv_header_sys_socket_h=yes
ac_cv_header_sys_stat_h=yes
ac_cv_header_sys_time_h=yes
ac_cv_header_sys_types_h=yes
ac_cv_header_time=yes
ac_cv_header_time_h=yes
ac_cv_header_unistd_h=yes
ac_cv_host=x86_64-pc-linux-gnu
ac_cv_host_alias=x86_64-linux-gnu
ac_cv_lib_cposix_strerror=no
ac_cv_lib_nsl_inet_pton=yes
ac_cv_lib_resolv_gethostbyname=yes
ac_cv_lib_socket_socket=no
ac_cv_objext=o
ac_cv_path_install='/usr/bin/install -c'
ac_cv_prog_AR=x86_64-linux-gnu-ar
ac_cv_prog_CC=x86_64-linux-gnu-gcc
ac_cv_prog_CPP='x86_64-linux-gnu-gcc -E'
ac_cv_prog_CXX=x86_64-linux-gnu-g++
ac_cv_prog_CXXCPP='x86_64-linux-gnu-g++ -E'
ac_cv_prog_RANLIB=x86_64-linux-gnu-ranlib
ac_cv_prog_STRIP=x86_64-linux-gnu-strip
ac_cv_prog_cc_g=yes
ac_cv_prog_cc_stdc=
ac_cv_prog_cxx_g=yes
ac_cv_prog_egrep='grep -E'
ac_cv_prog_f77_g=no
ac_cv_prog_make_make_set=yes
ac_cv_sizeof_int=4
ac_cv_sizeof_unsigned_long=8
ac_cv_type_int=yes
ac_cv_type_pid_t=yes
ac_cv_type_size_t=yes
ac_cv_type_unsigned_long=yes
lt_cv_deplibs_check_method=pass_all
lt_cv_file_magic_cmd='$MAGIC_CMD'
lt_cv_file_magic_test_file='/lib/libc.so* /lib/libc-*.so'
lt_cv_ld_reload_flag=-r
lt_cv_objdir=.libs
lt_cv_path_LD=/usr/bin/ld
lt_cv_path_LDCXX='/usr/bin/ld -m elf_x86_64'
lt_cv_path_NM='/usr/bin/x86_64-linux-gnu-nm -B'
lt_cv_path_SED=/usr/bin/sed
lt_cv_prog_compiler_c_o=yes
lt_cv_prog_compiler_c_o_CXX=yes
lt_cv_prog_compiler_rtti_exceptions=no
lt_cv_prog_gnu_ld=yes
lt_cv_prog_gnu_ldcxx=yes
lt_cv_sys_global_symbol_pipe='sed -n -e '\''s/^.*[ 	]\([ABCDGIRSTW][ABCDGIRSTW]*\)[ 	][ 	]*\(\)\([_A-Za-z][_A-Za-z0-9]*\)$/\1 \2\3 \3/p'\'''
lt_cv_sys_global_symbol_to_c_name_address='sed -n -e '\''s/^: \([^ ]*\) $/  {\"\1\", (lt_ptr) 0},/p'\'' -e '\''s/^[BCDEGRST] \([^ ]*\) \([^ ]*\)$/  {"\2", (lt_ptr) \&\2},/p'\'''
lt_cv_sys_global_symbol_to_cdecl='sed -n -e '\''s/^. .* \(.*\)$/extern int \1;/p'\'''
lt_cv_sys_max_cmd_len=32768
lt_lt_cv_prog_compiler_c_o='"yes"'
lt_lt_cv_prog_compiler_c_o_CXX='"yes"'
lt_lt_cv_sys_global_symbol_pipe='"sed -n -e '\''s/^.*[ 	]\\([ABCDGIRSTW][ABCDGIRSTW]*\\)[ 	][ 	]*\\(\\)\\([_A-Za-z][_A-Za-z0-9]*\\)\$/\\1 \\2\\3 \\3/p'\''"'
lt_lt_cv_sys_global_symbol_to_c_name_address='"sed -n -e '\''s/^: \\([^ ]*\\) \$/  {\\\"\\1\\\", (lt_ptr) 0},/p'\'' -e '\''s/^[BCDEGRST] \\([^ ]*\\) \\([^ ]*\\)\$/  {\"\\2\", (lt_ptr) \\&\\2},/p'\''"'
lt_lt_cv_sys_global_symbol_to_cdecl='"sed -n -e '\''s/^. .* \\(.*\\)\$/extern int \\1;/p'\''"'

## ----------------- ##
## Output variables. ##
## ----------------- ##

ACLOCAL='/home/fade/SourceCode/debian/libsrs2/libsrs2-1.0.18/missing aclocal-1.4'
AR='x86_64-linux-gnu-ar'
AUTOCONF='autoconf'
AUTOHEADER='autoheader'
AUTOMAKE='/home/fade/SourceCode/debian/libsrs2/libsrs2-1.0.18/missing automake-1.4'
CC='x86_64-linux-gnu-gcc'
CFLAGS='-g -O2'
CPP='x86_64-linux-gnu-gcc -E'
CPPFLAGS=''
CXX='x86_64-linux-gnu-g++'
CXXCPP='x86_64-linux-gnu-g++ -E'
CXXFLAGS='-g -O2'
DEFS='-DHAVE_CONFIG_H'
ECHO='echo'
ECHO_C=''
ECHO_N='-n'
ECHO_T=''
EGREP='grep -E'
EXEEXT=''
F77=''
FFLAGS=''
INSTALL_DATA='${INSTALL} -m 644'
INSTALL_PROGRAM='${INSTALL}'
INSTALL_SCRIPT='${INSTALL}'
LDFLAGS=''
LIBOBJS=''
LIBS='-lresolv -lnsl '
LIBTOOL='$(SHELL) $(top_builddir)/libtool'
LN_S='ln -s'
LTLIBOBJS=''
MAKEINFO='makeinfo'
OBJEXT='o'
PACKAGE='libsrs2'
PACKAGE_BUGREPORT=''
PACKAGE_NAME=''
PACKAGE_STRING=''
PACKAGE_TARNAME=''
PACKAGE_VERSION=''
PATH_SEPARATOR=':'
RANLIB='x86_64-linux-gnu-ranlib'
SET_MAKE=''
SHELL='/bin/bash'
STRIP='x86_64-linux-gnu-strip'
VERSION='1.0.18'
ac_ct_AR=''
ac_ct_CC=''
ac_ct_CXX=''
ac_ct_F77=''
ac_ct_RANLIB=''
ac_ct_STRIP=''
bindir='${exec_prefix}/bin'
build='x86_64-pc-linux-gnu'
build_alias='x86_64-linux-gnu'
build_cpu='x86_64'
build_os='linux-gnu'
build_vendor='pc'
datadir='${prefix}/share'
exec_prefix='${prefix}'
host='x86_64-pc-linux-gnu'
host_alias='x86_64-linux-gnu'
host_cpu='x86_64'
host_os='linux-gnu'
host_vendor='pc'
includedir='${prefix}/include'
infodir='${prefix}/share/info'
libdir='${exec_prefix}/lib'
libexecdir='${exec_prefix}/libexec'
localstatedir='${prefix}/var'
mandir='${prefix}/share/man'
oldincludedir='/usr/include'
prefix='/usr'
program_transform_name='s,x,x,'
sbindir='${exec_prefix}/sbin'
sharedstatedir='${prefix}/com'
sysconfdir='${prefix}/etc'
target_alias=''

## ----------- ##
## confdefs.h. ##
## ----------- ##

#define HAVE_ALLOCA_H 1
#define HAVE_DLFCN_H 1
#define HAVE_ERRNO_H 1
#define HAVE_GETOPT_H 1
#define HAVE_GETOPT_LONG 1
#define HAVE_INTTYPES_H 1
#define HAVE_LIBNSL 1
#define HAVE_LIBRESOLV 1
#define HAVE_MEMORY_H 1
#define HAVE_STDARG_H 1
#define HAVE_STDINT_H 1
#define HAVE_STDLIB_H 1
#define HAVE_STRCASECMP 1
#define HAVE_STRDUP 1
#define HAVE_STRINGS_H 1
#define HAVE_STRINGS_H 1
#define HAVE_STRING_H 1
#define HAVE_STRNCASECMP 1
#define HAVE_STRSTR 1
#define HAVE_SYS_SELECT_H 1
#define HAVE_SYS_SOCKET_H 1
#define HAVE_SYS_STAT_H 1
#define HAVE_SYS_TIME_H 1
#define HAVE_SYS_TYPES_H 1
#define HAVE_SYS_TYPES_H 1
#define HAVE_TIME_H 1
#define HAVE_UNISTD_H 1
#define HAVE_UNISTD_H 1
#define PACKAGE "libsrs2"
#define PACKAGE_BUGREPORT ""
#define PACKAGE_NAME ""
#define PACKAGE_STRING ""
#define PACKAGE_TARNAME ""
#define PACKAGE_VERSION ""
#define SIZEOF_INT 4
#define SIZEOF_UNSIGNED_LONG 8
#define STDC_HEADERS 1
#define STDC_HEADERS 1
#define TIME_WITH_SYS_TIME 1
#define VERSION "1.0.18"
#endif
#ifdef __cplusplus
extern "C" void std::exit (int) throw (); using std::exit;

configure: exit 0
